<?xml version="1.0" encoding="UTF-8"?>
<testng-results total="1" passed="1" failed="0" skipped="0">
  <reporter-output>
  </reporter-output>
  <suite started-at="2022-02-22T19:22:15Z" name="Default suite" finished-at="2022-02-22T19:22:52Z" duration-ms="36447">
    <groups>
    </groups>
    <test started-at="2022-02-22T19:22:15Z" name="Default test" finished-at="2022-02-22T19:22:52Z" duration-ms="36447">
      <class name="reports.AttachScreenShots">
        <test-method is-config="true" signature="setUp()[pri:0, instance:reports.AttachScreenShots@7d898981]" started-at="2022-02-23T01:22:15Z" name="setUp" finished-at="2022-02-23T01:22:15Z" duration-ms="324" status="PASS">
          <reporter-output>
          </reporter-output>
        </test-method> <!-- setUp -->
        <test-method signature="attachScreenShot()[pri:0, instance:reports.AttachScreenShots@7d898981]" started-at="2022-02-23T01:22:15Z" name="attachScreenShot" finished-at="2022-02-23T01:22:52Z" duration-ms="36440" status="PASS">
          <reporter-output>
          </reporter-output>
        </test-method> <!-- attachScreenShot -->
        <test-method is-config="true" signature="tearDown()[pri:0, instance:reports.AttachScreenShots@7d898981]" started-at="2022-02-23T01:22:52Z" name="tearDown" finished-at="2022-02-23T01:22:53Z" duration-ms="1009" status="PASS">
          <reporter-output>
          </reporter-output>
        </test-method> <!-- tearDown -->
      </class> <!-- reports.AttachScreenShots -->
    </test> <!-- Default test -->
  </suite> <!-- Default suite -->
</testng-results>
